TN:
SF:calculator.js
FN:2,(anonymous_0)
FN:6,(anonymous_1)
FN:9,(anonymous_2)
FN:12,(anonymous_3)
FN:15,(anonymous_4)
FNF:5
FNH:5
FNDA:4,(anonymous_0)
FNDA:1,(anonymous_1)
FNDA:1,(anonymous_2)
FNDA:1,(anonymous_3)
FNDA:1,(anonymous_4)
DA:3,4
DA:4,4
DA:7,1
DA:10,1
DA:13,1
DA:16,1
LF:6
LH:6
BRF:0
BRH:0
end_of_record
TN:
SF:capitalize.js
FN:1,capitalize
FNF:1
FNH:1
FNDA:1,capitalize
DA:3,1
LF:1
LH:1
BRF:0
BRH:0
end_of_record
TN:
SF:index.js
FN:3,stringLength
FN:14,reverseString
FNF:2
FNH:2
FNDA:2,stringLength
FNDA:1,reverseString
DA:4,2
DA:5,1
DA:8,1
DA:15,1
DA:16,1
DA:17,5
DA:19,1
LF:7
LH:7
BRDA:4,0,0,1
BRDA:4,0,1,1
BRDA:4,1,0,2
BRDA:4,1,1,2
BRF:4
BRH:4
end_of_record
